installed/build/outputs/logs/manifest-merger-debug-report.txt
-- Merging decision tree log ---
manifest
ADDED from src/main/AndroidManifest.xml:17:1-19:74
INJECTED from src/main/AndroidManifest.xml:17:1-19:74
INJECTED from src/main/AndroidManifest.xml:17:1-19:74
INJECTED from src/main/AndroidManifest.xml:17:1-19:74
MERGED from [:features:hello] AndroidManifest.xml:17:1-67:12
MERGED from [:features:bye] AndroidManifest.xml:17:1-66:12
MERGED from [com.google.android.instantapps:instantapps:1.0.0] AndroidManifest.xml:2:1-7:12
MERGED from [:features:base] AndroidManifest.xml:17:1-43:12
MERGED from [:baselibrary] AndroidManifest.xml:2:1-11:12
MERGED from [com.android.support:appcompat-v7:25.3.1] AndroidManifest.xml:17:1-31:12
MERGED from [com.android.support:animated-vector-drawable:25.3.1] AndroidManifest.xml:17:1-28:12
MERGED from [com.android.support:support-vector-drawable:25.3.1] AndroidManifest.xml:17:1-28:12
MERGED from [com.android.support:support-v4:25.3.1] AndroidManifest.xml:17:1-31:12
MERGED from [com.android.support:support-fragment:25.3.1] AndroidManifest.xml:17:1-31:12
MERGED from [com.android.support:support-media-compat:25.3.1] AndroidManifest.xml:17:1-31:12
MERGED from [com.android.support:support-core-utils:25.3.1] AndroidManifest.xml:17:1-31:12
MERGED from [com.android.support:support-core-ui:25.3.1] AndroidManifest.xml:17:1-31:12
MERGED from [com.android.support:support-compat:25.3.1] AndroidManifest.xml:17:1-31:12
INJECTED from src/main/AndroidManifest.xml:17:1-19:74
INJECTED from src/main/AndroidManifest.xml:17:1-19:74
INJECTED from src/main/AndroidManifest.xml:17:1-19:74
	package
		ADDED from src/main/AndroidManifest.xml:19:11-71
		INJECTED from src/main/AndroidManifest.xml
		INJECTED from src/main/AndroidManifest.xml
	android:versionName
		INJECTED from src/main/AndroidManifest.xml
		ADDED from src/main/AndroidManifest.xml:17:1-19:74
		INJECTED from src/main/AndroidManifest.xml
	android:versionCode
		INJECTED from src/main/AndroidManifest.xml
		ADDED from src/main/AndroidManifest.xml:17:1-19:74
		INJECTED from src/main/AndroidManifest.xml
	xmlns:android
		ADDED from src/main/AndroidManifest.xml:17:11-69
	xmlns:instant
		ADDED from src/main/AndroidManifest.xml:18:11-65
uses-sdk
INJECTED from src/main/AndroidManifest.xml reason: use-sdk injection requested
INJECTED from src/main/AndroidManifest.xml
INJECTED from src/main/AndroidManifest.xml
MERGED from [:features:hello] AndroidManifest.xml:22:5-24:41
MERGED from [:features:hello] AndroidManifest.xml:22:5-24:41
MERGED from [:features:bye] AndroidManifest.xml:22:5-24:41
MERGED from [:features:bye] AndroidManifest.xml:22:5-24:41
MERGED from [com.google.android.instantapps:instantapps:1.0.0] AndroidManifest.xml:3:3-70
MERGED from [com.google.android.instantapps:instantapps:1.0.0] AndroidManifest.xml:3:3-70
MERGED from [:features:base] AndroidManifest.xml:22:5-24:41
MERGED from [:features:base] AndroidManifest.xml:22:5-24:41
MERGED from [:baselibrary] AndroidManifest.xml:7:5-9:41
MERGED from [:baselibrary] AndroidManifest.xml:7:5-9:41
MERGED from [com.android.support:appcompat-v7:25.3.1] AndroidManifest.xml:21:5-23:78
MERGED from [com.android.support:appcompat-v7:25.3.1] AndroidManifest.xml:21:5-23:78
MERGED from [com.android.support:animated-vector-drawable:25.3.1] AndroidManifest.xml:20:5-44
MERGED from [com.android.support:animated-vector-drawable:25.3.1] AndroidManifest.xml:20:5-44
MERGED from [com.android.support:support-vector-drawable:25.3.1] AndroidManifest.xml:20:5-43
MERGED from [com.android.support:support-vector-drawable:25.3.1] AndroidManifest.xml:20:5-43
MERGED from [com.android.support:support-v4:25.3.1] AndroidManifest.xml:21:5-23:54
MERGED from [com.android.support:support-v4:25.3.1] AndroidManifest.xml:21:5-23:54
MERGED from [com.android.support:support-fragment:25.3.1] AndroidManifest.xml:21:5-23:60
MERGED from [com.android.support:support-fragment:25.3.1] AndroidManifest.xml:21:5-23:60
MERGED from [com.android.support:support-media-compat:25.3.1] AndroidManifest.xml:21:5-23:63
MERGED from [com.android.support:support-media-compat:25.3.1] AndroidManifest.xml:21:5-23:63
MERGED from [com.android.support:support-core-utils:25.3.1] AndroidManifest.xml:21:5-23:61
MERGED from [com.android.support:support-core-utils:25.3.1] AndroidManifest.xml:21:5-23:61
MERGED from [com.android.support:support-core-ui:25.3.1] AndroidManifest.xml:21:5-23:58
MERGED from [com.android.support:support-core-ui:25.3.1] AndroidManifest.xml:21:5-23:58
MERGED from [com.android.support:support-compat:25.3.1] AndroidManifest.xml:21:5-23:58
MERGED from [com.android.support:support-compat:25.3.1] AndroidManifest.xml:21:5-23:58
INJECTED from src/main/AndroidManifest.xml
INJECTED from src/main/AndroidManifest.xml
	tools:overrideLibrary
		ADDED from [com.android.support:appcompat-v7:25.3.1] AndroidManifest.xml:23:9-75
	android:targetSdkVersion
		INJECTED from src/main/AndroidManifest.xml
		ADDED from src/main/AndroidManifest.xml
		INJECTED from src/main/AndroidManifest.xml
	android:minSdkVersion
		INJECTED from src/main/AndroidManifest.xml
		ADDED from src/main/AndroidManifest.xml
		INJECTED from src/main/AndroidManifest.xml
application
ADDED from [:features:hello] AndroidManifest.xml:26:5-65:19
MERGED from [:features:bye] AndroidManifest.xml:26:5-64:19
MERGED from [:features:bye] AndroidManifest.xml:26:5-64:19
MERGED from [com.google.android.instantapps:instantapps:1.0.0] AndroidManifest.xml:4:3-6:17
MERGED from [com.google.android.instantapps:instantapps:1.0.0] AndroidManifest.xml:4:3-6:17
MERGED from [:features:base] AndroidManifest.xml:32:5-41:19
MERGED from [:features:base] AndroidManifest.xml:32:5-41:19
MERGED from [com.android.support:appcompat-v7:25.3.1] AndroidManifest.xml:29:5-20
MERGED from [com.android.support:appcompat-v7:25.3.1] AndroidManifest.xml:29:5-20
MERGED from [com.android.support:animated-vector-drawable:25.3.1] AndroidManifest.xml:26:5-20
MERGED from [com.android.support:animated-vector-drawable:25.3.1] AndroidManifest.xml:26:5-20
MERGED from [com.android.support:support-vector-drawable:25.3.1] AndroidManifest.xml:26:5-20
MERGED from [com.android.support:support-vector-drawable:25.3.1] AndroidManifest.xml:26:5-20
MERGED from [com.android.support:support-v4:25.3.1] AndroidManifest.xml:29:5-20
MERGED from [com.android.support:support-v4:25.3.1] AndroidManifest.xml:29:5-20
MERGED from [com.android.support:support-fragment:25.3.1] AndroidManifest.xml:29:5-20
MERGED from [com.android.support:support-fragment:25.3.1] AndroidManifest.xml:29:5-20
MERGED from [com.android.support:support-media-compat:25.3.1] AndroidManifest.xml:29:5-20
MERGED from [com.android.support:support-media-compat:25.3.1] AndroidManifest.xml:29:5-20
MERGED from [com.android.support:support-core-utils:25.3.1] AndroidManifest.xml:29:5-20
MERGED from [com.android.support:support-core-utils:25.3.1] AndroidManifest.xml:29:5-20
MERGED from [com.android.support:support-core-ui:25.3.1] AndroidManifest.xml:29:5-20
MERGED from [com.android.support:support-core-ui:25.3.1] AndroidManifest.xml:29:5-20
MERGED from [com.android.support:support-compat:25.3.1] AndroidManifest.xml:29:5-20
MERGED from [com.android.support:support-compat:25.3.1] AndroidManifest.xml:29:5-20
	android:supportsRtl
		ADDED from [:features:base] AndroidManifest.xml:36:9-35
	android:label
		ADDED from [:features:base] AndroidManifest.xml:35:9-41
	android:allowBackup
		ADDED from [:features:base] AndroidManifest.xml:34:9-35
	android:theme
		ADDED from [:features:base] AndroidManifest.xml:37:9-40
	android:name
		ADDED from [:features:base] AndroidManifest.xml:33:9-69
meta-data#asset_statements
ADDED from [:features:hello] AndroidManifest.xml:27:9-29:59
MERGED from [:features:bye] AndroidManifest.xml:27:9-29:59
MERGED from [:features:bye] AndroidManifest.xml:27:9-29:59
MERGED from [:features:base] AndroidManifest.xml:38:9-40:59
MERGED from [:features:base] AndroidManifest.xml:38:9-40:59
	android:resource
		ADDED from [:features:hello] AndroidManifest.xml:29:13-56
	android:name
		ADDED from [:features:hello] AndroidManifest.xml:28:13-44
activity#com.instantappsamples.feature.hello.HelloActivity
ADDED from [:features:hello] AndroidManifest.xml:31:9-64:20
	android:label
		ADDED from [:features:hello] AndroidManifest.xml:33:13-57
	android:theme
		ADDED from [:features:hello] AndroidManifest.xml:34:13-44
	android:name
		ADDED from [:features:hello] AndroidManifest.xml:32:13-77
intent-filter#android.intent.action.MAIN+android.intent.category.LAUNCHER
ADDED from [:features:hello] AndroidManifest.xml:35:13-39:29
	android:label
		ADDED from [:features:hello] AndroidManifest.xml:35:28-60
action#android.intent.action.MAIN
ADDED from [:features:hello] AndroidManifest.xml:36:17-69
	android:name
		ADDED from [:features:hello] AndroidManifest.xml:36:25-66
category#android.intent.category.LAUNCHER
ADDED from [:features:hello] AndroidManifest.xml:38:17-77
	android:name
		ADDED from [:features:hello] AndroidManifest.xml:38:27-74
intent-filter#android.intent.action.VIEW+android.intent.category.BROWSABLE+android.intent.category.DEFAULT
ADDED from [:features:hello] AndroidManifest.xml:40:13-52:29
	android:autoVerify
		ADDED from [:features:hello] AndroidManifest.xml:41:17-42
	android:order
		ADDED from [:features:hello] AndroidManifest.xml:42:17-34
action#android.intent.action.VIEW
ADDED from [:features:hello] AndroidManifest.xml:43:17-69
	android:name
		ADDED from [:features:hello] AndroidManifest.xml:43:25-66
category#android.intent.category.DEFAULT
ADDED from [:features:hello] AndroidManifest.xml:45:17-76
	android:name
		ADDED from [:features:hello] AndroidManifest.xml:45:27-73
category#android.intent.category.BROWSABLE
ADDED from [:features:hello] AndroidManifest.xml:46:17-78
	android:name
		ADDED from [:features:hello] AndroidManifest.xml:46:27-75
data
ADDED from [:features:hello] AndroidManifest.xml:48:17-51:46
	android:host
		ADDED from [:features:hello] AndroidManifest.xml:49:21-70
	android:scheme
		ADDED from [:features:hello] AndroidManifest.xml:51:21-43
	android:pathPrefix
		ADDED from [:features:hello] AndroidManifest.xml:50:21-48
activity#com.instantappsamples.feature.bye.GoodbyeActivity
ADDED from [:features:bye] AndroidManifest.xml:31:9-63:20
	android:label
		ADDED from [:features:bye] AndroidManifest.xml:33:13-59
	android:theme
		ADDED from [:features:bye] AndroidManifest.xml:34:13-44
	android:name
		ADDED from [:features:bye] AndroidManifest.xml:32:13-77
meta-data#default-url
ADDED from [:features:bye] AndroidManifest.xml:35:13-37:82
	android:value
		ADDED from [:features:bye] AndroidManifest.xml:37:17-79
	android:name
		ADDED from [:features:bye] AndroidManifest.xml:36:17-43
meta-data#aia-compat-api-min-version
ADDED from [com.google.android.instantapps:instantapps:1.0.0] AndroidManifest.xml:5:5-77
	android:value
		ADDED from [com.google.android.instantapps:instantapps:1.0.0] AndroidManifest.xml:5:58-75
	android:name
		ADDED from [com.google.android.instantapps:instantapps:1.0.0] AndroidManifest.xml:5:16-57
uses-permission#android.permission.INTERNET
ADDED from [:features:base] AndroidManifest.xml:26:5-67
	android:name
		ADDED from [:features:base] AndroidManifest.xml:26:22-64
uses-permission#android.permission.READ_PHONE_STATE
ADDED from [:features:base] AndroidManifest.xml:27:5-75
	android:name
		ADDED from [:features:base] AndroidManifest.xml:27:22-72
uses-permission#android.permission.WRITE_EXTERNAL_STORAGE
ADDED from [:features:base] AndroidManifest.xml:28:5-81
	android:name
		ADDED from [:features:base] AndroidManifest.xml:28:22-78
uses-permission-sdk-23#android.permission.ACCESS_FINE_LOCATION
ADDED from [:features:base] AndroidManifest.xml:30:5-86
	android:name
		ADDED from [:features:base] AndroidManifest.xml:30:29-83
meta-data#android.support.VERSION
ADDED from [com.android.support:appcompat-v7:25.3.1] AndroidManifest.xml:25:5-27:34
MERGED from [com.android.support:animated-vector-drawable:25.3.1] AndroidManifest.xml:22:5-24:34
MERGED from [com.android.support:animated-vector-drawable:25.3.1] AndroidManifest.xml:22:5-24:34
MERGED from [com.android.support:support-vector-drawable:25.3.1] AndroidManifest.xml:22:5-24:34
MERGED from [com.android.support:support-vector-drawable:25.3.1] AndroidManifest.xml:22:5-24:34
MERGED from [com.android.support:support-v4:25.3.1] AndroidManifest.xml:25:5-27:34
MERGED from [com.android.support:support-v4:25.3.1] AndroidManifest.xml:25:5-27:34
MERGED from [com.android.support:support-fragment:25.3.1] AndroidManifest.xml:25:5-27:34
MERGED from [com.android.support:support-fragment:25.3.1] AndroidManifest.xml:25:5-27:34
MERGED from [com.android.support:support-media-compat:25.3.1] AndroidManifest.xml:25:5-27:34
MERGED from [com.android.support:support-media-compat:25.3.1] AndroidManifest.xml:25:5-27:34
MERGED from [com.android.support:support-core-utils:25.3.1] AndroidManifest.xml:25:5-27:34
MERGED from [com.android.support:support-core-utils:25.3.1] AndroidManifest.xml:25:5-27:34
MERGED from [com.android.support:support-core-ui:25.3.1] AndroidManifest.xml:25:5-27:34
MERGED from [com.android.support:support-core-ui:25.3.1] AndroidManifest.xml:25:5-27:34
MERGED from [com.android.support:support-compat:25.3.1] AndroidManifest.xml:25:5-27:34
MERGED from [com.android.support:support-compat:25.3.1] AndroidManifest.xml:25:5-27:34
	android:value
		ADDED from [com.android.support:appcompat-v7:25.3.1] AndroidManifest.xml:27:9-31
	android:name
		ADDED from [com.android.support:appcompat-v7:25.3.1] AndroidManifest.xml:26:9-47